<?xml version="1.0" encoding="UTF-8"?>
<!-- Generated by org.testng.reporters.JUnitReportReporter -->
<testsuite skipped="0" hostname="DESKTOP-SQOG6JI" name="com.acuver.opsroom.automation.test.ApplicationTest" tests="1" failures="0" timestamp="16 Apr 2019 10:39:26 GMT" time="30.760" errors="0">
  <testcase name="testApplicationSanity" time="30.760" classname="com.acuver.opsroom.automation.test.ApplicationTest"/>
</testsuite> <!-- com.acuver.opsroom.automation.test.ApplicationTest -->
